2024-06-22T17:31:09.903+05:30  INFO 2760 --- [Spring-Boot] [main] com.springboot.Application               : Starting Application using Java 21.0.2 with PID 2760 (D:\Git Repos\springboot\target\classes started by Tanmay Dubey in D:\Git Repos\springboot)
2024-06-22T17:31:09.906+05:30  INFO 2760 --- [Spring-Boot] [main] com.springboot.Application               : No active profile set, falling back to 1 default profile: "default"
2024-06-22T17:31:11.022+05:30  INFO 2760 --- [Spring-Boot] [main] .s.d.r.c.RepositoryConfigurationDelegate : Bootstrapping Spring Data JPA repositories in DEFAULT mode.
2024-06-22T17:31:11.115+05:30  INFO 2760 --- [Spring-Boot] [main] .s.d.r.c.RepositoryConfigurationDelegate : Finished Spring Data repository scanning in 76 ms. Found 1 JPA repository interface.
2024-06-22T17:31:12.189+05:30  INFO 2760 --- [Spring-Boot] [main] o.s.b.w.embedded.tomcat.TomcatWebServer  : Tomcat initialized with port 8080 (http)
2024-06-22T17:31:12.216+05:30  INFO 2760 --- [Spring-Boot] [main] o.apache.catalina.core.StandardService   : Starting service [Tomcat]
2024-06-22T17:31:12.216+05:30  INFO 2760 --- [Spring-Boot] [main] o.apache.catalina.core.StandardEngine    : Starting Servlet engine: [Apache Tomcat/10.1.25]
2024-06-22T17:31:12.325+05:30  INFO 2760 --- [Spring-Boot] [main] o.a.c.c.C.[Tomcat].[localhost].[/]       : Initializing Spring embedded WebApplicationContext
2024-06-22T17:31:12.326+05:30  INFO 2760 --- [Spring-Boot] [main] w.s.c.ServletWebServerApplicationContext : Root WebApplicationContext: initialization completed in 2330 ms
2024-06-22T17:31:12.468+05:30  INFO 2760 --- [Spring-Boot] [main] com.zaxxer.hikari.HikariDataSource       : HikariPool-1 - Starting...
2024-06-22T17:31:12.860+05:30  INFO 2760 --- [Spring-Boot] [main] com.zaxxer.hikari.pool.HikariPool        : HikariPool-1 - Added connection conn0: url=jdbc:h2:mem:userdb user=SA
2024-06-22T17:31:12.864+05:30  INFO 2760 --- [Spring-Boot] [main] com.zaxxer.hikari.HikariDataSource       : HikariPool-1 - Start completed.
2024-06-22T17:31:12.888+05:30  INFO 2760 --- [Spring-Boot] [main] o.s.b.a.h2.H2ConsoleAutoConfiguration    : H2 console available at '/h2-console'. Database available at 'jdbc:h2:mem:userdb'
2024-06-22T17:31:13.177+05:30  INFO 2760 --- [Spring-Boot] [main] o.hibernate.jpa.internal.util.LogHelper  : HHH000204: Processing PersistenceUnitInfo [name: default]
2024-06-22T17:31:13.318+05:30  INFO 2760 --- [Spring-Boot] [main] org.hibernate.Version                    : HHH000412: Hibernate ORM core version 6.5.2.Final
2024-06-22T17:31:13.389+05:30  INFO 2760 --- [Spring-Boot] [main] o.h.c.internal.RegionFactoryInitiator    : HHH000026: Second-level cache disabled
2024-06-22T17:31:14.059+05:30  INFO 2760 --- [Spring-Boot] [main] o.s.o.j.p.SpringPersistenceUnitInfo      : No LoadTimeWeaver setup: ignoring JPA class transformer
2024-06-22T17:31:14.124+05:30  WARN 2760 --- [Spring-Boot] [main] org.hibernate.orm.deprecation            : HHH90000025: H2Dialect does not need to be specified explicitly using 'hibernate.dialect' (remove the property setting and it will be selected by default)
2024-06-22T17:31:15.328+05:30  INFO 2760 --- [Spring-Boot] [main] o.h.e.t.j.p.i.JtaPlatformInitiator       : HHH000489: No JTA platform available (set 'hibernate.transaction.jta.platform' to enable JTA platform integration)
2024-06-22T17:31:15.376+05:30  INFO 2760 --- [Spring-Boot] [main] j.LocalContainerEntityManagerFactoryBean : Initialized JPA EntityManagerFactory for persistence unit 'default'
2024-06-22T17:31:15.792+05:30  WARN 2760 --- [Spring-Boot] [main] JpaBaseConfiguration$JpaWebConfiguration : spring.jpa.open-in-view is enabled by default. Therefore, database queries may be performed during view rendering. Explicitly configure spring.jpa.open-in-view to disable this warning
2024-06-22T17:31:16.330+05:30  INFO 2760 --- [Spring-Boot] [main] o.s.b.w.embedded.tomcat.TomcatWebServer  : Tomcat started on port 8080 (http) with context path '/'
2024-06-22T17:31:16.346+05:30  INFO 2760 --- [Spring-Boot] [main] com.springboot.Application               : Started Application in 7.123 seconds (process running for 7.791)
2024-06-22T17:31:29.893+05:30  INFO 2760 --- [Spring-Boot] [http-nio-8080-exec-1] o.a.c.c.C.[Tomcat].[localhost].[/]       : Initializing Spring DispatcherServlet 'dispatcherServlet'
2024-06-22T17:31:29.893+05:30  INFO 2760 --- [Spring-Boot] [http-nio-8080-exec-1] o.s.web.servlet.DispatcherServlet        : Initializing Servlet 'dispatcherServlet'
2024-06-22T17:31:29.895+05:30  INFO 2760 --- [Spring-Boot] [http-nio-8080-exec-1] o.s.web.servlet.DispatcherServlet        : Completed initialization in 2 ms
2024-06-22T17:31:29.930+05:30 TRACE 2760 --- [Spring-Boot] [http-nio-8080-exec-1] c.springboot.controller.UserController   : Trace Level Log
2024-06-22T17:31:29.930+05:30 DEBUG 2760 --- [Spring-Boot] [http-nio-8080-exec-1] c.springboot.controller.UserController   : Debug Level Log
2024-06-22T17:31:29.930+05:30  INFO 2760 --- [Spring-Boot] [http-nio-8080-exec-1] c.springboot.controller.UserController   : Info Level Log
2024-06-22T17:31:29.930+05:30  WARN 2760 --- [Spring-Boot] [http-nio-8080-exec-1] c.springboot.controller.UserController   : Warn Level Log
2024-06-22T17:31:29.930+05:30 ERROR 2760 --- [Spring-Boot] [http-nio-8080-exec-1] c.springboot.controller.UserController   : Error Level Log
2024-06-22T17:32:22.506+05:30  INFO 2760 --- [Spring-Boot] [SpringApplicationShutdownHook] j.LocalContainerEntityManagerFactoryBean : Closing JPA EntityManagerFactory for persistence unit 'default'
2024-06-22T17:32:22.512+05:30  INFO 2760 --- [Spring-Boot] [SpringApplicationShutdownHook] com.zaxxer.hikari.HikariDataSource       : HikariPool-1 - Shutdown initiated...
2024-06-22T17:32:22.518+05:30  INFO 2760 --- [Spring-Boot] [SpringApplicationShutdownHook] com.zaxxer.hikari.HikariDataSource       : HikariPool-1 - Shutdown completed.
